<?xml version="1.0" encoding="UTF-8"?>
<testsuite xmlns:xsi="http://www.w3.org/2001/XMLSchema-instance" xsi:noNamespaceSchemaLocation="https://maven.apache.org/surefire/maven-surefire-plugin/xsd/surefire-test-report.xsd" name="EMPTY_NAME" time="29.438" tests="6" errors="0" skipped="0" failures="0">
  <properties>
[...]
</properties>
  <testcase name="hrmOrange login functionalities verification" classname="EMPTY_NAME" time="2.687"/>
  <testcase name="hrmOrange login functionalities verification" classname="EMPTY_NAME" time="1.765"/>
  <testcase name="hrmOrange login functionalities verification" classname="EMPTY_NAME" time="1.982"/>
  <testcase name="hrmOrange login functionalities verification" classname="EMPTY_NAME" time="2.348"/>
  <testcase name="hrmOrange login functionalities verification" classname="EMPTY_NAME" time="1.833"/>
  <testcase name="EMPTY_NAME" classname="EMPTY_NAME" time="18.823"/>
</testsuite>